<?xml version="1.0" encoding="UTF-8"?>
<!-- Generated by org.testng.reporters.JUnitReportReporter -->
<testsuite hostname="DESKTOP-RTFTH45" failures="0" tests="2" name="abbeyLtd.TestPage.SubmitOrderTest" time="14.476" errors="0" timestamp="2025-05-10T14:37:03 BST" skipped="0">
  <testcase classname="abbeyLtd.TestPage.SubmitOrderTest" name="submitOrderTest" time="7.400"/>
  <testcase classname="abbeyLtd.TestPage.SubmitOrderTest" name="submitOrderTest" time="7.076"/>
</testsuite> <!-- abbeyLtd.TestPage.SubmitOrderTest -->
